<?xml version="1.0" encoding="UTF-8"?>
<!-- Generated by org.testng.reporters.JUnitReportReporter -->
<testsuite hostname="ATMECSINLT-044" failures="0" tests="6" name="TestNgMethodDependencies" time="0.052" errors="0" timestamp="20 Aug 2019 12:21:28 GMT" skipped="0">
  <testcase classname="TestNgMethodDependencies" name="a" time="0.004"/>
  <testcase classname="TestNgMethodDependencies" name="d" time="0.014"/>
  <testcase classname="TestNgMethodDependencies" name="e" time="0.021"/>
  <testcase classname="TestNgMethodDependencies" name="f" time="0.005"/>
  <testcase classname="TestNgMethodDependencies" name="g" time="0.004"/>
  <testcase classname="TestNgMethodDependencies" name="o" time="0.004"/>
</testsuite> <!-- TestNgMethodDependencies -->
