<?xml version="1.0" encoding="UTF-8"?>
<!-- Generated by org.testng.reporters.JUnitReportReporter -->
<testsuite hostname="ATMECSINLT-044" failures="0" tests="25" name="TestFactoryAnnotation" time="0.118" errors="0" timestamp="21 Aug 2019 07:33:39 GMT" skipped="0">
  <testcase classname="TestFactoryAnnotation" name="f1" time="0.026"/>
  <testcase classname="TestFactoryAnnotation" name="f4" time="0.000"/>
  <testcase classname="TestFactoryAnnotation" name="f2" time="0.000"/>
  <testcase classname="TestFactoryAnnotation" name="f3" time="0.004"/>
  <testcase classname="TestFactoryAnnotation" name="f5" time="0.004"/>
  <testcase classname="TestFactoryAnnotation" name="f5" time="0.004"/>
  <testcase classname="TestFactoryAnnotation" name="f3" time="0.000"/>
  <testcase classname="TestFactoryAnnotation" name="f3" time="0.004"/>
  <testcase classname="TestFactoryAnnotation" name="f4" time="0.012"/>
  <testcase classname="TestFactoryAnnotation" name="f4" time="0.004"/>
  <testcase classname="TestFactoryAnnotation" name="f4" time="0.004"/>
  <testcase classname="TestFactoryAnnotation" name="f1" time="0.004"/>
  <testcase classname="TestFactoryAnnotation" name="f2" time="0.000"/>
  <testcase classname="TestFactoryAnnotation" name="f2" time="0.004"/>
  <testcase classname="TestFactoryAnnotation" name="f5" time="0.004"/>
  <testcase classname="TestFactoryAnnotation" name="f2" time="0.000"/>
  <testcase classname="TestFactoryAnnotation" name="f2" time="0.000"/>
  <testcase classname="TestFactoryAnnotation" name="f1" time="0.012"/>
  <testcase classname="TestFactoryAnnotation" name="f3" time="0.004"/>
  <testcase classname="TestFactoryAnnotation" name="f3" time="0.000"/>
  <testcase classname="TestFactoryAnnotation" name="f4" time="0.004"/>
  <testcase classname="TestFactoryAnnotation" name="f5" time="0.004"/>
  <testcase classname="TestFactoryAnnotation" name="f1" time="0.012"/>
  <testcase classname="TestFactoryAnnotation" name="f1" time="0.004"/>
  <testcase classname="TestFactoryAnnotation" name="f5" time="0.004"/>
</testsuite> <!-- TestFactoryAnnotation -->
