<?xml version="1.0" encoding="UTF-8"?>
<!-- Generated by org.testng.reporters.JUnitReportReporter -->
<testsuite hostname="ATMECSINLT-044" failures="0" tests="6" name="NewTest" time="0.028" errors="0" timestamp="20 Aug 2019 12:01:43 GMT" skipped="0">
  <testcase classname="NewTest" name="g" time="0.004"/>
  <testcase classname="NewTest" name="e" time="0.004"/>
  <testcase classname="NewTest" name="d" time="0.004"/>
  <testcase classname="NewTest" name="f" time="0.000"/>
  <testcase classname="NewTest" name="o" time="0.004"/>
  <testcase classname="NewTest" name="a" time="0.012"/>
</testsuite> <!-- NewTest -->
