<?xml version="1.0" encoding="UTF-8"?>
<!-- Generated by org.testng.reporters.JUnitReportReporter -->
<testsuite hostname="ATMECSINLT-044" failures="0" tests="1" name="Assertions" time="0.014" errors="0" timestamp="20 Aug 2019 12:45:43 GMT" skipped="0">
  <testcase classname="Assertions" name="testEquality" time="0.014"/>
</testsuite> <!-- Assertions -->
