<?xml version="1.0" encoding="UTF-8"?>
<!-- Generated by org.testng.reporters.JUnitReportReporter -->
<testsuite hostname="ATMECSINLT-044" failures="0" tests="2" name="TestNgAnnotations" time="0.016" errors="0" timestamp="20 Aug 2019 12:00:55 GMT" skipped="0">
  <testcase classname="TestNgAnnotations" name="secondTest" time="0.004"/>
  <testcase classname="TestNgAnnotations" name="firstTest" time="0.012"/>
</testsuite> <!-- TestNgAnnotations -->
