<?xml version="1.0" encoding="UTF-8"?>
<!-- Generated by org.testng.reporters.JUnitReportReporter -->
<testsuite hostname="ATMECSINLT-044" failures="0" tests="3" name="TestNgGrouping" time="0.024" errors="0" timestamp="20 Aug 2019 12:39:36 GMT" skipped="0">
  <testcase classname="TestNgGrouping" name="d" time="0.016"/>
  <testcase classname="TestNgGrouping" name="f" time="0.003"/>
  <testcase classname="TestNgGrouping" name="e" time="0.005"/>
</testsuite> <!-- TestNgGrouping -->
