<?xml version="1.0" encoding="UTF-8"?>
<!-- Generated by org.testng.reporters.JUnitReportReporter -->
<testsuite hostname="ATMECSINLT-044" failures="0" tests="6" name="TestNgDisablingTest" time="0.027" errors="0" timestamp="20 Aug 2019 12:28:27 GMT" skipped="1">
  <testcase classname="TestNgDisablingTest" name="o" time="0.004"/>
  <testcase classname="TestNgDisablingTest" name="e" time="0.003"/>
  <testcase classname="TestNgDisablingTest" name="d" time="0.003"/>
  <testcase classname="TestNgDisablingTest" name="g" time="0.003"/>
  <testcase classname="TestNgDisablingTest" name="a" time="0.014"/>
  <testcase classname="TestNgDisablingTest" name="f">
    <skipped/>
  </testcase> <!-- f -->
</testsuite> <!-- TestNgDisablingTest -->
