<?xml version="1.0" encoding="UTF-8"?>
<!-- Generated by org.testng.reporters.JUnitReportReporter -->
<testsuite hostname="ATMECSINLT-044" failures="0" tests="6" name="TestNgAttributes" time="0.022" errors="0" timestamp="20 Aug 2019 12:12:56 GMT" skipped="0">
  <testcase classname="TestNgAttributes" name="o" time="0.012"/>
  <testcase classname="TestNgAttributes" name="g" time="0.002"/>
  <testcase classname="TestNgAttributes" name="f" time="0.002"/>
  <testcase classname="TestNgAttributes" name="e" time="0.002"/>
  <testcase classname="TestNgAttributes" name="d" time="0.002"/>
  <testcase classname="TestNgAttributes" name="a" time="0.002"/>
</testsuite> <!-- TestNgAttributes -->
